<?xml version="1.0" encoding="UTF-8"?>
<!-- Generated by org.testng.reporters.JUnitXMLReporter -->
<testsuite hostname="CMLPRKARIYAWASA" ignored="0" name="Testlogin" tests="1" failures="1" timestamp="09 Nov 2019 18:43:13 GMT" time="0.097" errors="0">
  <testcase name="testCase" time="0.03" classname="TestNG.VerifyTitle">
    <failure type="java.lang.NullPointerException">
      <![CDATA[java.lang.NullPointerException
at TestNG.VerifyTitle.testCase(VerifyTitle.java:18)
... Removed 25 stack frames]]>
    </failure>
  </testcase> <!-- testCase -->
</testsuite> <!-- Testlogin -->
